<?xml version="1.0" encoding="UTF-8"?>
<testsuite xmlns:xsi="http://www.w3.org/2001/XMLSchema-instance" xsi:noNamespaceSchemaLocation="https://maven.apache.org/surefire/maven-surefire-plugin/xsd/surefire-test-report-3.0.xsd" version="3.0" name="TestRunner.TestNGTestRunner" time="9.402" tests="1" errors="0" skipped="0" failures="0">
  <properties>
[...]
</properties>
  <testcase name="runScenario[&quot;Valid Registration&quot;, &quot;Feature to test Registration&quot;](1)" classname="TestRunner.TestNGTestRunner" time="7.37">
    <system-out><![CDATA[
@register
Scenario: Valid Registration                                           # src/main/java/Features/RegisterFeature.feature:4
  ✔ Given user is on OpenCart homepage                                 # StepDefinitions.StepRegistration.user_is_on_open_cart_homepage()
  ✔ When user clicks on MyAccount and clicks on Register               # StepDefinitions.StepRegistration.user_clicks_on_my_account_and_clicks_on_register()
  ✔ Then user should navigated to Registration page                    # StepDefinitions.StepRegistration.user_should_navigated_to_registration_page()
  ✔ When user enters personal details, password and clicks on continue # StepDefinitions.StepRegistration.user_enters_personal_details_password_and_clicks_on_continue()
  ✔ Then user should get success message                               # StepDefinitions.StepRegistration.user_should_get_success_message()
]]></system-out>
    <system-err><![CDATA[SLF4J(W): No SLF4J providers were found.
SLF4J(W): Defaulting to no-operation (NOP) logger implementation
SLF4J(W): See https://www.slf4j.org/codes.html#noProviders for further details.
]]></system-err>
  </testcase>
</testsuite>