<?xml version="1.0" encoding="UTF-8"?>
<!-- Generated by org.testng.reporters.JUnitReportReporter -->
<testsuite hostname="LAPTOP-SAV1F6NG" failures="0" tests="3" name="TestRunner.TestNGTestRunner" time="28.031" errors="0" timestamp="2026-02-15T10:59:17 IST" skipped="0">
  <testcase classname="TestRunner.TestNGTestRunner" name="runScenario" time="9.377"/>
  <testcase classname="TestRunner.TestNGTestRunner" name="runScenario" time="9.294"/>
  <testcase classname="TestRunner.TestNGTestRunner" name="runScenario" time="9.360"/>
</testsuite> <!-- TestRunner.TestNGTestRunner -->
